<?xml version="1.0" encoding="UTF-8"?>
<testsuite xmlns:xsi="http://www.w3.org/2001/XMLSchema-instance" xsi:noNamespaceSchemaLocation="https://maven.apache.org/surefire/maven-surefire-plugin/xsd/surefire-test-report.xsd" name="me.kronix.PluginTest" time="0.047" tests="1" errors="0" skipped="0" failures="0">
  <properties>
    <property name="java.specification.version" value="23"/>
    <property name="sun.cpu.isalist" value="amd64"/>
    <property name="sun.jnu.encoding" value="Cp1252"/>
    <property name="java.class.path" value="d:\mc dev server\Dev Space\vip+chat v0.8.6\staffchat\target\test-classes;d:\mc dev server\Dev Space\vip+chat v0.8.6\staffchat\target\classes;C:\Users\spama\.m2\repository\junit\junit\4.11\junit-4.11.jar;C:\Users\spama\.m2\repository\org\hamcrest\hamcrest-core\1.3\hamcrest-core-1.3.jar;C:\Users\spama\.m2\repository\org\spigotmc\spigot-api\1.16.1-R0.1-SNAPSHOT\spigot-api-1.16.1-R0.1-SNAPSHOT.jar;C:\Users\spama\.m2\repository\commons-lang\commons-lang\2.6\commons-lang-2.6.jar;C:\Users\spama\.m2\repository\com\google\guava\guava\21.0\guava-21.0.jar;C:\Users\spama\.m2\repository\com\google\code\gson\gson\2.8.0\gson-2.8.0.jar;C:\Users\spama\.m2\repository\net\md-5\bungeecord-chat\1.16-R0.3\bungeecord-chat-1.16-R0.3.jar;C:\Users\spama\.m2\repository\org\yaml\snakeyaml\1.26\snakeyaml-1.26.jar;"/>
    <property name="java.vm.vendor" value="Oracle Corporation"/>
    <property name="sun.arch.data.model" value="64"/>
    <property name="user.variant" value=""/>
    <property name="java.vendor.url" value="https://java.oracle.com/"/>
    <property name="user.timezone" value="America/Los_Angeles"/>
    <property name="os.name" value="Windows 11"/>
    <property name="java.vm.specification.version" value="23"/>
    <property name="sun.java.launcher" value="SUN_STANDARD"/>
    <property name="user.country" value="US"/>
    <property name="sun.boot.library.path" value="C:\Program Files\OpenLogic\jdk-23.0.1\bin"/>
    <property name="sun.java.command" value="C:\Users\spama\AppData\Local\Temp\surefire6017696482774723551\surefirebooter4189112297584849150.jar C:\Users\spama\AppData\Local\Temp\surefire6017696482774723551 2025-07-07T13-22-14_259-jvmRun1 surefire8810431768578668890tmp surefire_016955331155620958927tmp"/>
    <property name="jdk.debug" value="release"/>
    <property name="surefire.test.class.path" value="d:\mc dev server\Dev Space\vip+chat v0.8.6\staffchat\target\test-classes;d:\mc dev server\Dev Space\vip+chat v0.8.6\staffchat\target\classes;C:\Users\spama\.m2\repository\junit\junit\4.11\junit-4.11.jar;C:\Users\spama\.m2\repository\org\hamcrest\hamcrest-core\1.3\hamcrest-core-1.3.jar;C:\Users\spama\.m2\repository\org\spigotmc\spigot-api\1.16.1-R0.1-SNAPSHOT\spigot-api-1.16.1-R0.1-SNAPSHOT.jar;C:\Users\spama\.m2\repository\commons-lang\commons-lang\2.6\commons-lang-2.6.jar;C:\Users\spama\.m2\repository\com\google\guava\guava\21.0\guava-21.0.jar;C:\Users\spama\.m2\repository\com\google\code\gson\gson\2.8.0\gson-2.8.0.jar;C:\Users\spama\.m2\repository\net\md-5\bungeecord-chat\1.16-R0.3\bungeecord-chat-1.16-R0.3.jar;C:\Users\spama\.m2\repository\org\yaml\snakeyaml\1.26\snakeyaml-1.26.jar;"/>
    <property name="sun.cpu.endian" value="little"/>
    <property name="user.home" value="C:\Users\spama"/>
    <property name="user.language" value="en"/>
    <property name="java.specification.vendor" value="Oracle Corporation"/>
    <property name="java.version.date" value="2024-10-15"/>
    <property name="java.home" value="C:\Program Files\OpenLogic\jdk-23.0.1"/>
    <property name="file.separator" value="\"/>
    <property name="basedir" value="d:\mc dev server\Dev Space\vip+chat v0.8.6\staffchat"/>
    <property name="java.vm.compressedOopsMode" value="Zero based"/>
    <property name="line.separator" value="&#10;"/>
    <property name="java.vm.specification.vendor" value="Oracle Corporation"/>
    <property name="java.specification.name" value="Java Platform API Specification"/>
    <property name="surefire.real.class.path" value="C:\Users\spama\AppData\Local\Temp\surefire6017696482774723551\surefirebooter4189112297584849150.jar"/>
    <property name="user.script" value=""/>
    <property name="sun.management.compiler" value="HotSpot 64-Bit Tiered Compilers"/>
    <property name="java.runtime.version" value="23.0.1+11-39"/>
    <property name="user.name" value="spama"/>
    <property name="stdout.encoding" value="Cp1252"/>
    <property name="path.separator" value=";"/>
    <property name="os.version" value="10.0"/>
    <property name="java.runtime.name" value="Java(TM) SE Runtime Environment"/>
    <property name="file.encoding" value="UTF-8"/>
    <property name="java.vm.name" value="Java HotSpot(TM) 64-Bit Server VM"/>
    <property name="localRepository" value="C:\Users\spama\.m2\repository"/>
    <property name="java.vendor.url.bug" value="https://bugreport.java.com/bugreport/"/>
    <property name="java.io.tmpdir" value="C:\Users\spama\AppData\Local\Temp\"/>
    <property name="java.version" value="23.0.1"/>
    <property name="user.dir" value="d:\mc dev server\Dev Space\vip+chat v0.8.6\staffchat"/>
    <property name="os.arch" value="amd64"/>
    <property name="java.vm.specification.name" value="Java Virtual Machine Specification"/>
    <property name="sun.os.patch.level" value=""/>
    <property name="native.encoding" value="Cp1252"/>
    <property name="java.library.path" value="C:\Program Files\OpenLogic\jdk-23.0.1\bin;C:\WINDOWS\Sun\Java\bin;C:\WINDOWS\system32;C:\WINDOWS;C:\Program Files\OpenLogic\jdk-8.0.432.06-hotspot\bin;C:\Program Files (x86)\Common Files\Oracle\Java\java8path;C:\Program Files (x86)\Common Files\Oracle\Java\javapath;C:\Program Files\Python312\Scripts\;C:\Program Files\Python312\;C:\WINDOWS\system32;C:\WINDOWS;C:\WINDOWS\System32\Wbem;C:\WINDOWS\System32\WindowsPowerShell\v1.0\;C:\WINDOWS\System32\OpenSSH\;C:\Program Files\PuTTY\;C:\Program Files\Microsoft VS Code\bin;C:\Program Files\Microsoft SQL Server\150\Tools\Binn\;C:\Program Files\Microsoft SQL Server\Client SDK\ODBC\170\Tools\Binn\;C:\Program Files\dotnet\;C:\Program Files\NVIDIA Corporation\NVIDIA NvDLISR;C:\Program Files (x86)\NVIDIA Corporation\PhysX\Common;C:\Program Files\WireGuard\;C:\Program Files\nodejs\;C:\Users\spama\AppData\Local\Microsoft\WindowsApps;C:\Users\spama\.dotnet\tools;C:\Users\spama\AppData\Local\GitHubDesktop\bin;C:\Users\spama\AppData\Local\Microsoft\WinGet\Packages\Schniz.fnm_Microsoft.Winget.Source_8wekyb3d8bbwe;C:\Users\spama\AppData\Roaming\npm;C:\Users\spama\AppData\Local\Muse Hub\lib;."/>
    <property name="java.vm.info" value="mixed mode, sharing"/>
    <property name="stderr.encoding" value="Cp1252"/>
    <property name="java.vendor" value="Oracle Corporation"/>
    <property name="java.vm.version" value="23.0.1+11-39"/>
    <property name="sun.io.unicode.encoding" value="UnicodeLittle"/>
    <property name="java.class.version" value="67.0"/>
  </properties>
  <testcase name="shouldAnswerWithTrue" classname="me.kronix.PluginTest" time="0.002"/>
</testsuite>